<?xml version="1.0" encoding="UTF-8"?>
<persistence xmlns="http://xmlns.jcp.org/xml/ns/persistence" version="2.1">
    <persistence-unit name="DB" transaction-type="JTA">
        <jta-data-source>jdbc/StandardRods</jta-data-source>
    </persistence-unit>
</persistence>
